0 info it worked if it ends with ok
1 verbose cli [ 'C:\\Program Files\\nodejs\\node.exe',
1 verbose cli   'C:\\Program Files\\nodejs\\node_modules\\npm\\bin\\npm-cli.js',
1 verbose cli   'run',
1 verbose cli   'test:single' ]
2 info using npm@3.10.10
3 info using node@v6.11.0
4 verbose run-script [ 'pretest:single', 'test:single', 'posttest:single' ]
5 info lifecycle expenses-consolidator@1.0.0~pretest:single: expenses-consolidator@1.0.0
6 silly lifecycle expenses-consolidator@1.0.0~pretest:single: no script for pretest:single, continuing
7 info lifecycle expenses-consolidator@1.0.0~test:single: expenses-consolidator@1.0.0
8 verbose lifecycle expenses-consolidator@1.0.0~test:single: unsafe-perm in lifecycle true
9 verbose lifecycle expenses-consolidator@1.0.0~test:single: PATH: C:\Program Files\nodejs\node_modules\npm\bin\node-gyp-bin;D:\temp\Test Environment\Consolidat8\node_modules\.bin;C:\Program Files\ConEmuPack\ConEmu\Scripts;C:\Program Files\ConEmuPack;C:\Program Files\ConEmuPack\ConEmu;C:\ProgramData\Oracle\Java\javapath;C:\WINDOWS\system32;C:\WINDOWS;C:\WINDOWS\System32\Wbem;C:\WINDOWS\System32\WindowsPowerShell\v1.0\;C:\Program Files\TortoiseGit\bin;C:\Program Files\Microsoft SQL Server\120\Tools\Binn\;C:\Program Files\Microsoft SQL Server\130\Tools\Binn\;C:\Program Files (x86)\Microsoft Emulator Manager\1.0\;C:\Program Files (x86)\Windows Kits\10\Windows Performance Toolkit\;C:\Program Files\Git\cmd;C:\Program Files\Microsoft SQL Server\Client SDK\ODBC\110\Tools\Binn\;C:\Program Files (x86)\Microsoft SQL Server\120\Tools\Binn\;C:\Program Files\Microsoft SQL Server\120\DTS\Binn\;C:\Program Files (x86)\Microsoft SQL Server\120\Tools\Binn\ManagementStudio\;C:\Program Files (x86)\Microsoft SQL Server\120\DTS\Binn\;C:\Program Files\dotnet\;C:\Program Files (x86)\Autodesk\Backburner\;d:\temp\;C:\Program Files\PuTTY\;C:\Program Files\nodejs\;C:\Program Files\Intel\WiFi\bin\;C:\Program Files\Common Files\Intel\WirelessCommon\;C:\Users\dkosasih\AppData\Local\Microsoft\WindowsApps;C:\Program Files (x86)\Microsoft VS Code\bin;C:\Users\dkosasih\AppData\Roaming\npm
10 verbose lifecycle expenses-consolidator@1.0.0~test:single: CWD: D:\temp\Test Environment\Consolidat8
11 silly lifecycle expenses-consolidator@1.0.0~test:single: Args: [ '/d /s /c',
11 silly lifecycle   'karma start ./karma/karma.conf.js --browsers Chrome' ]
12 silly lifecycle expenses-consolidator@1.0.0~test:single: Returned: code: 1  signal: null
13 info lifecycle expenses-consolidator@1.0.0~test:single: Failed to exec test:single script
14 verbose stack Error: expenses-consolidator@1.0.0 test:single: `karma start ./karma/karma.conf.js --browsers Chrome`
14 verbose stack Exit status 1
14 verbose stack     at EventEmitter.<anonymous> (C:\Program Files\nodejs\node_modules\npm\lib\utils\lifecycle.js:255:16)
14 verbose stack     at emitTwo (events.js:106:13)
14 verbose stack     at EventEmitter.emit (events.js:191:7)
14 verbose stack     at ChildProcess.<anonymous> (C:\Program Files\nodejs\node_modules\npm\lib\utils\spawn.js:40:14)
14 verbose stack     at emitTwo (events.js:106:13)
14 verbose stack     at ChildProcess.emit (events.js:191:7)
14 verbose stack     at maybeClose (internal/child_process.js:891:16)
14 verbose stack     at Process.ChildProcess._handle.onexit (internal/child_process.js:226:5)
15 verbose pkgid expenses-consolidator@1.0.0
16 verbose cwd D:\temp\Test Environment\Consolidat8
17 error Windows_NT 10.0.15063
18 error argv "C:\\Program Files\\nodejs\\node.exe" "C:\\Program Files\\nodejs\\node_modules\\npm\\bin\\npm-cli.js" "run" "test:single"
19 error node v6.11.0
20 error npm  v3.10.10
21 error code ELIFECYCLE
22 error expenses-consolidator@1.0.0 test:single: `karma start ./karma/karma.conf.js --browsers Chrome`
22 error Exit status 1
23 error Failed at the expenses-consolidator@1.0.0 test:single script 'karma start ./karma/karma.conf.js --browsers Chrome'.
23 error Make sure you have the latest version of node.js and npm installed.
23 error If you do, this is most likely a problem with the expenses-consolidator package,
23 error not with npm itself.
23 error Tell the author that this fails on your system:
23 error     karma start ./karma/karma.conf.js --browsers Chrome
23 error You can get information on how to open an issue for this project with:
23 error     npm bugs expenses-consolidator
23 error Or if that isn't available, you can get their info via:
23 error     npm owner ls expenses-consolidator
23 error There is likely additional logging output above.
24 verbose exit [ 1, true ]
